TN:
SF:src\app.ts
FN:15,getAllowedOrigins
FN:21,createApp
FNF:2
FNH:2
FNDA:18,getAllowedOrigins
FNDA:18,createApp
DA:1,1
DA:2,1
DA:3,1
DA:4,1
DA:5,1
DA:7,1
DA:8,1
DA:9,1
DA:10,1
DA:11,1
DA:12,1
DA:13,1
DA:15,1
DA:16,18
DA:17,0
DA:18,18
DA:19,18
DA:21,1
DA:22,18
DA:24,18
DA:25,18
DA:27,18
DA:28,2
DA:29,2
DA:30,2
DA:31,18
DA:33,18
DA:34,18
DA:36,18
DA:37,11
DA:38,11
DA:39,11
DA:40,11
DA:41,11
DA:42,11
DA:44,11
DA:50,11
DA:51,2
DA:52,2
DA:53,2
DA:55,9
DA:56,11
DA:57,1
DA:58,1
DA:59,1
DA:61,11
DA:63,11
DA:64,11
DA:65,11
DA:67,11
DA:68,11
DA:69,11
DA:70,11
DA:71,11
DA:72,11
DA:73,11
DA:74,11
DA:75,11
DA:76,11
DA:77,11
DA:78,11
DA:79,11
DA:81,11
DA:82,2
DA:83,2
DA:84,2
DA:85,2
DA:86,2
DA:87,2
DA:88,2
DA:90,5
DA:97,11
DA:98,11
DA:99,11
DA:100,11
DA:101,11
DA:102,11
DA:104,11
DA:105,11
DA:106,11
DA:108,11
DA:109,11
DA:110,11
DA:111,11
DA:112,11
DA:113,11
DA:114,11
DA:115,11
DA:117,11
DA:118,11
DA:119,11
DA:120,11
DA:121,11
DA:122,1
DA:123,1
DA:124,0
DA:125,0
DA:126,0
DA:127,1
DA:128,1
DA:129,1
DA:130,1
DA:131,1
DA:132,0
DA:133,0
DA:134,0
DA:135,18
DA:137,18
DA:138,2
DA:139,2
DA:140,2
DA:141,2
DA:142,2
DA:143,2
DA:144,2
DA:145,2
DA:146,2
DA:147,2
DA:148,2
DA:149,2
DA:150,18
DA:152,18
DA:153,3
DA:154,3
DA:155,3
DA:156,3
DA:159,3
DA:163,3
DA:167,3
DA:168,3
DA:169,3
DA:170,18
DA:172,18
DA:173,18
LF:134
LH:127
BRDA:15,0,0,18
BRDA:16,1,0,0
BRDA:21,2,0,18
BRDA:27,3,0,2
BRDA:36,4,0,11
BRDA:39,5,0,0
BRDA:40,6,0,0
BRDA:41,7,0,0
BRDA:50,8,0,10
BRDA:50,9,0,10
BRDA:50,10,0,2
BRDA:53,11,0,9
BRDA:56,12,0,1
BRDA:59,13,0,8
BRDA:61,14,0,0
BRDA:75,15,0,7
BRDA:79,16,0,7
BRDA:81,17,0,2
BRDA:85,18,0,1
BRDA:85,19,0,1
BRDA:88,20,0,5
BRDA:97,21,0,0
BRDA:98,22,0,0
BRDA:99,23,0,0
BRDA:100,24,0,5
BRDA:100,25,0,0
BRDA:102,26,0,3
BRDA:102,27,0,2
BRDA:102,28,0,0
BRDA:102,29,0,0
BRDA:106,30,0,2
BRDA:106,31,0,0
BRDA:113,32,0,0
BRDA:121,33,0,1
BRDA:123,34,0,0
BRDA:127,35,0,0
BRDA:131,36,0,0
BRDA:137,37,0,2
BRDA:152,38,0,3
BRF:39
BRH:23
end_of_record
TN:
SF:src\config\supabase.ts
FN:1,(empty-report)
FNF:1
FNH:0
FNDA:0,(empty-report)
DA:1,0
DA:3,0
DA:5,0
DA:6,0
DA:7,0
DA:8,0
DA:10,0
DA:11,0
DA:13,0
DA:14,0
DA:15,0
DA:16,0
DA:17,0
DA:18,0
DA:20,0
DA:21,0
DA:22,0
DA:23,0
DA:24,0
DA:25,0
DA:27,0
DA:28,0
DA:30,0
LF:23
LH:0
BRDA:1,0,0,0
BRF:1
BRH:0
end_of_record
TN:
SF:src\middleware\auth.ts
FN:1,(empty-report)
FNF:1
FNH:1
FNDA:1,(empty-report)
DA:2,0
DA:3,0
DA:5,0
DA:6,0
DA:7,0
DA:8,0
DA:9,0
DA:10,0
DA:12,0
DA:13,0
DA:14,0
DA:15,0
DA:17,0
DA:19,0
DA:20,0
DA:21,0
DA:22,0
DA:24,0
DA:25,0
DA:26,0
DA:27,0
DA:29,0
DA:30,0
DA:31,0
DA:32,0
DA:33,0
DA:34,0
DA:36,0
DA:37,0
DA:38,0
DA:39,0
DA:40,0
DA:42,0
DA:43,0
DA:44,0
DA:45,0
DA:46,0
DA:47,0
DA:48,0
LF:39
LH:0
BRDA:1,0,0,1
BRF:1
BRH:1
end_of_record
TN:
SF:src\middleware\errorHandler.ts
FN:1,(empty-report)
FNF:1
FNH:1
FNDA:1,(empty-report)
DA:2,0
DA:4,0
DA:5,0
DA:6,0
DA:7,0
DA:8,0
DA:9,0
DA:10,0
DA:11,0
DA:12,0
DA:13,0
DA:14,0
DA:16,0
DA:17,0
DA:18,0
DA:19,0
DA:21,0
DA:22,0
DA:23,0
DA:24,0
DA:25,0
DA:26,0
DA:28,0
DA:29,0
DA:31,0
DA:32,0
DA:33,0
DA:34,0
DA:35,0
DA:36,0
DA:37,0
DA:38,0
DA:39,0
DA:40,0
DA:41,0
DA:42,0
DA:44,0
DA:45,0
DA:46,0
DA:47,0
DA:48,0
DA:50,0
DA:51,0
DA:52,0
DA:54,0
DA:55,0
DA:57,0
DA:58,0
DA:59,0
DA:60,0
DA:61,0
DA:62,0
DA:63,0
DA:64,0
DA:65,0
DA:66,0
DA:67,0
LF:57
LH:0
BRDA:1,0,0,1
BRF:1
BRH:1
end_of_record
TN:
SF:src\middleware\validation.ts
FN:64,validate
FNF:1
FNH:1
FNDA:28,validate
DA:1,1
DA:3,1
DA:4,1
DA:5,1
DA:6,1
DA:7,1
DA:8,1
DA:9,1
DA:10,1
DA:11,1
DA:12,1
DA:13,1
DA:14,1
DA:15,1
DA:16,1
DA:17,1
DA:18,1
DA:19,1
DA:20,1
DA:21,1
DA:23,1
DA:24,1
DA:25,1
DA:26,1
DA:27,1
DA:28,1
DA:29,1
DA:30,1
DA:31,1
DA:32,1
DA:34,1
DA:35,1
DA:36,1
DA:37,1
DA:38,1
DA:39,1
DA:40,1
DA:41,1
DA:42,1
DA:44,1
DA:49,1
DA:50,1
DA:51,1
DA:52,1
DA:53,1
DA:54,1
DA:55,1
DA:56,1
DA:58,1
DA:59,1
DA:60,1
DA:61,1
DA:62,1
DA:64,1
DA:65,28
DA:66,28
DA:67,28
DA:68,28
DA:70,28
DA:71,14
DA:72,14
DA:73,14
DA:75,14
DA:76,14
LF:64
LH:64
BRDA:64,0,0,28
BRDA:70,1,0,14
BRDA:71,2,0,14
BRF:3
BRH:3
end_of_record
TN:
SF:src\types\index.ts
FN:1,(empty-report)
FNF:1
FNH:1
FNDA:1,(empty-report)
LF:0
LH:0
BRDA:1,0,0,1
BRF:1
BRH:1
end_of_record
TN:
SF:src\utils\logger.ts
FN:1,(empty-report)
FNF:1
FNH:0
FNDA:0,(empty-report)
DA:1,0
DA:2,0
DA:4,0
DA:5,0
DA:6,0
DA:8,0
DA:10,0
DA:11,0
DA:12,0
DA:13,0
DA:14,0
DA:15,0
DA:16,0
DA:17,0
DA:18,0
DA:19,0
DA:20,0
DA:21,0
DA:22,0
DA:23,0
DA:24,0
DA:25,0
DA:26,0
DA:27,0
DA:28,0
DA:29,0
LF:26
LH:0
BRDA:1,0,0,0
BRF:1
BRH:0
end_of_record
TN:
SF:src\utils\roomManager.ts
FN:11,<instance_members_initializer>
FN:23,RoomManager
FN:39,roomExists
FN:44,getUserCurrentRoom
FN:49,isUserInRoom
FN:53,getOrCreateRoom
FN:83,getRoom
FN:87,updateActivity
FN:91,addClient
FN:122,removeClient
FN:148,updateCode
FN:156,updateLanguage
FN:164,updateInput
FN:172,updateOutput
FN:186,getClients
FN:213,getRoomInfo
FN:227,cleanupInactiveRooms
FN:258,startCleanupInterval
FN:269,getStats
FN:279,shutdown
FNF:20
FNH:20
FNDA:35,<instance_members_initializer>
FNDA:35,RoomManager
FNDA:5,roomExists
FNDA:3,getUserCurrentRoom
FNDA:2,isUserInRoom
FNDA:35,getOrCreateRoom
FNDA:4,getRoom
FNDA:65,updateActivity
FNDA:35,addClient
FNDA:4,removeClient
FNDA:2,updateCode
FNDA:2,updateLanguage
FNDA:2,updateInput
FNDA:2,updateOutput
FNDA:4,getClients
FNDA:2,getRoomInfo
FNDA:2,cleanupInactiveRooms
FNDA:1,startCleanupInterval
FNDA:3,getStats
FNDA:32,shutdown
DA:9,1
DA:11,1
DA:12,35
DA:13,35
DA:15,35
DA:16,35
DA:17,35
DA:18,35
DA:19,35
DA:20,35
DA:21,35
DA:23,35
DA:24,35
DA:25,35
DA:26,35
DA:27,35
DA:28,35
DA:29,35
DA:30,35
DA:31,35
DA:32,35
DA:34,35
DA:35,1
DA:36,1
DA:37,35
DA:39,35
DA:40,5
DA:41,5
DA:44,35
DA:45,3
DA:46,3
DA:49,35
DA:50,2
DA:51,2
DA:53,35
DA:54,35
DA:55,35
DA:56,35
DA:57,35
DA:58,35
DA:59,27
DA:60,1
DA:61,1
DA:63,26
DA:64,26
DA:65,26
DA:66,26
DA:67,26
DA:68,26
DA:69,26
DA:70,26
DA:71,26
DA:72,26
DA:73,26
DA:74,26
DA:75,26
DA:76,26
DA:77,27
DA:78,27
DA:79,27
DA:80,34
DA:81,35
DA:83,35
DA:84,4
DA:85,4
DA:87,35
DA:88,65
DA:89,65
DA:91,35
DA:92,35
DA:93,35
DA:94,35
DA:95,35
DA:96,35
DA:97,35
DA:98,35
DA:100,35
DA:101,1
DA:102,1
DA:104,33
DA:106,35
DA:107,9
DA:108,9
DA:111,35
DA:112,8
DA:113,8
DA:115,33
DA:116,33
DA:117,35
DA:118,35
DA:119,35
DA:120,35
DA:122,35
DA:123,4
DA:124,4
DA:125,4
DA:126,4
DA:128,3
DA:129,3
DA:130,3
DA:133,4
DA:134,1
DA:135,1
DA:137,4
DA:138,1
DA:139,1
DA:140,1
DA:141,1
DA:142,1
DA:144,2
DA:145,4
DA:146,4
DA:148,35
DA:149,2
DA:150,2
DA:151,1
DA:152,1
DA:153,1
DA:154,2
DA:156,35
DA:157,2
DA:158,2
DA:159,1
DA:160,1
DA:161,1
DA:162,2
DA:164,35
DA:165,2
DA:166,2
DA:167,1
DA:168,1
DA:169,1
DA:170,2
DA:172,35
DA:173,2
DA:174,2
DA:175,1
DA:176,1
DA:177,1
DA:178,1
DA:179,2
DA:186,35
DA:187,4
DA:188,4
DA:190,3
DA:191,5
DA:192,5
DA:193,5
DA:194,5
DA:195,3
DA:199,3
DA:200,3
DA:202,4
DA:203,5
DA:204,2
DA:205,5
DA:206,3
DA:207,3
DA:208,5
DA:210,3
DA:211,4
DA:213,35
DA:214,2
DA:215,2
DA:217,1
DA:218,1
DA:219,1
DA:220,1
DA:221,1
DA:222,1
DA:223,1
DA:224,1
DA:225,2
DA:227,35
DA:228,2
DA:229,2
DA:231,2
DA:232,2
DA:234,1
DA:235,1
DA:236,1
DA:237,1
DA:238,0
DA:239,0
DA:240,1
DA:241,1
DA:242,1
DA:243,1
DA:244,1
DA:245,1
DA:246,1
DA:247,1
DA:248,1
DA:249,2
DA:251,2
DA:252,1
DA:253,1
DA:255,2
DA:256,2
DA:258,35
DA:259,1
DA:260,0
DA:261,0
DA:262,1
DA:263,0
DA:264,1
DA:266,1
DA:267,1
DA:269,35
DA:270,3
DA:271,3
DA:272,3
DA:273,3
DA:274,3
DA:275,3
DA:276,3
DA:277,3
DA:279,35
DA:280,32
DA:282,32
DA:283,0
DA:284,0
DA:285,0
DA:286,0
DA:288,32
DA:289,32
DA:290,32
DA:291,32
DA:292,32
DA:293,35
DA:295,1
LF:231
LH:222
BRDA:11,0,0,35
BRDA:23,1,0,35
BRDA:27,2,0,34
BRDA:30,3,0,34
BRDA:31,4,0,34
BRDA:32,5,0,1
BRDA:34,6,0,1
BRDA:39,7,0,5
BRDA:44,8,0,3
BRDA:45,9,0,2
BRDA:49,10,0,2
BRDA:53,11,0,35
BRDA:58,12,0,27
BRDA:59,13,0,1
BRDA:61,14,0,26
BRDA:77,15,0,19
BRDA:77,16,0,18
BRDA:79,17,0,34
BRDA:83,18,0,4
BRDA:87,19,0,65
BRDA:91,20,0,35
BRDA:100,21,0,1
BRDA:102,22,0,33
BRDA:106,23,0,9
BRDA:108,24,0,33
BRDA:111,25,0,8
BRDA:113,26,0,33
BRDA:117,27,0,25
BRDA:122,28,0,4
BRDA:126,29,0,1
BRDA:126,30,0,3
BRDA:133,31,0,1
BRDA:135,32,0,3
BRDA:137,33,0,1
BRDA:142,34,0,2
BRDA:145,35,0,0
BRDA:148,36,0,2
BRDA:150,37,0,1
BRDA:156,38,0,2
BRDA:158,39,0,1
BRDA:164,40,0,2
BRDA:166,41,0,1
BRDA:172,42,0,2
BRDA:174,43,0,1
BRDA:186,44,0,4
BRDA:188,45,0,1
BRDA:188,46,0,3
BRDA:202,47,0,5
BRDA:203,48,0,2
BRDA:205,49,0,3
BRDA:208,50,0,3
BRDA:190,51,0,5
BRDA:192,52,0,0
BRDA:193,53,0,0
BRDA:194,54,0,0
BRDA:213,55,0,2
BRDA:215,56,0,1
BRDA:227,57,0,2
BRDA:251,58,0,1
BRDA:231,59,0,2
BRDA:232,60,0,1
BRDA:236,61,0,1
BRDA:237,62,0,0
BRDA:258,63,0,1
BRDA:259,64,0,0
BRDA:269,65,0,3
BRDA:273,66,0,2
BRDA:279,67,0,32
BRDA:282,68,0,0
BRF:69
BRH:62
end_of_record
